<?xml version="1.0" encoding="UTF-8"?>
<!-- Generated by org.testng.reporters.JUnitReportReporter -->
<testsuite skipped="0" hostname="Admin-PC" name="com.gmail.testcase.LoginPageTest" tests="2" failures="0" timestamp="2019-12-27T14:57:02 EST" time="57.034" errors="0">
  <testcase name="userlogin" time="39.011" classname="com.gmail.testcase.LoginPageTest"/>
  <testcase name="verfyLoginPageTitle" time="18.023" classname="com.gmail.testcase.LoginPageTest"/>
</testsuite> <!-- com.gmail.testcase.LoginPageTest -->
