<?xml version="1.0" encoding="UTF-8"?>
<!-- Generated by org.testng.reporters.JUnitReportReporter -->
<testsuite skipped="0" hostname="Admin-PC" name="com.gmail.testcase.LoginPageTest" tests="2" failures="0" timestamp="2019-12-28T00:44:03 EST" time="46.931" errors="0">
  <testcase name="verfyLoginPageTitle" time="18.356" classname="com.gmail.testcase.LoginPageTest"/>
  <testcase name="userlogin" time="28.575" classname="com.gmail.testcase.LoginPageTest"/>
</testsuite> <!-- com.gmail.testcase.LoginPageTest -->
